========================================
Job ID: 2613001
Host: gnode21
Start time: Wed Apr 22 10:44:23 PM CEST 2026
========================================
/storage/homefs/ae04q066/.conda/envs/py38_mmdet3d/bin/python
Python 3.8.20
Wed Apr 22 22:44:23 2026       
+-----------------------------------------------------------------------------------------+
| NVIDIA-SMI 550.163.01             Driver Version: 550.163.01     CUDA Version: 12.4     |
|-----------------------------------------+------------------------+----------------------+
| GPU  Name                 Persistence-M | Bus-Id          Disp.A | Volatile Uncorr. ECC |
| Fan  Temp   Perf          Pwr:Usage/Cap |           Memory-Usage | GPU-Util  Compute M. |
|                                         |                        |               MIG M. |
|=========================================+========================+======================|
|   0  NVIDIA A100 80GB PCIe          On  |   00000000:A1:00.0 Off |                    0 |
| N/A   33C    P0             43W /  300W |       1MiB /  81920MiB |      0%      Default |
|                                         |                        |             Disabled |
+-----------------------------------------+------------------------+----------------------+
                                                                                         
+-----------------------------------------------------------------------------------------+
| Processes:                                                                              |
|  GPU   GI   CI        PID   Type   Process name                              GPU Memory |
|        ID   ID                                                               Usage      |
|=========================================================================================|
|  No running processes found                                                             |
+-----------------------------------------------------------------------------------------+
Starting fresh training
04/22 22:44:44 - mmengine - INFO - 
------------------------------------------------------------
System environment:
    sys.platform: linux
    Python: 3.8.20 (default, Oct  3 2024, 15:24:27) [GCC 11.2.0]
    CUDA available: True
    MUSA available: False
    numpy_random_seed: 1915794257
    GPU 0: NVIDIA A100 80GB PCIe
    CUDA_HOME: None
    GCC: gcc (GCC) 11.5.0 20240719 (Red Hat 11.5.0-11)
    PyTorch: 2.4.1
    PyTorch compiling details: PyTorch built with:
  - GCC 9.3
  - C++ Version: 201703
  - Intel(R) oneAPI Math Kernel Library Version 2023.1-Product Build 20230303 for Intel(R) 64 architecture applications
  - Intel(R) MKL-DNN v3.4.2 (Git Hash 1137e04ec0b5251ca2b4400a4fd3c667ce843d67)
  - OpenMP 201511 (a.k.a. OpenMP 4.5)
  - LAPACK is enabled (usually provided by MKL)
  - NNPACK is enabled
  - CPU capability usage: AVX2
  - CUDA Runtime 12.4
  - NVCC architecture flags: -gencode;arch=compute_50,code=sm_50;-gencode;arch=compute_60,code=sm_60;-gencode;arch=compute_61,code=sm_61;-gencode;arch=compute_70,code=sm_70;-gencode;arch=compute_75,code=sm_75;-gencode;arch=compute_80,code=sm_80;-gencode;arch=compute_86,code=sm_86;-gencode;arch=compute_90,code=sm_90
  - CuDNN 90.1
  - Magma 2.6.1
  - Build settings: BLAS_INFO=mkl, BUILD_TYPE=Release, CUDA_VERSION=12.4, CUDNN_VERSION=9.1.0, CXX_COMPILER=/opt/rh/devtoolset-9/root/usr/bin/c++, CXX_FLAGS= -D_GLIBCXX_USE_CXX11_ABI=0 -fabi-version=11 -fvisibility-inlines-hidden -DUSE_PTHREADPOOL -DNDEBUG -DUSE_KINETO -DLIBKINETO_NOROCTRACER -DUSE_FBGEMM -DUSE_PYTORCH_QNNPACK -DUSE_XNNPACK -DSYMBOLICATE_MOBILE_DEBUG_HANDLE -O2 -fPIC -Wall -Wextra -Werror=return-type -Werror=non-virtual-dtor -Werror=bool-operation -Wnarrowing -Wno-missing-field-initializers -Wno-type-limits -Wno-array-bounds -Wno-unknown-pragmas -Wno-unused-parameter -Wno-unused-function -Wno-unused-result -Wno-strict-overflow -Wno-strict-aliasing -Wno-stringop-overflow -Wsuggest-override -Wno-psabi -Wno-error=pedantic -Wno-error=old-style-cast -Wno-missing-braces -fdiagnostics-color=always -faligned-new -Wno-unused-but-set-variable -Wno-maybe-uninitialized -fno-math-errno -fno-trapping-math -Werror=format -Wno-stringop-overflow, LAPACK_INFO=mkl, PERF_WITH_AVX=1, PERF_WITH_AVX2=1, PERF_WITH_AVX512=1, TORCH_VERSION=2.4.1, USE_CUDA=ON, USE_CUDNN=ON, USE_CUSPARSELT=1, USE_EXCEPTION_PTR=1, USE_GFLAGS=OFF, USE_GLOG=OFF, USE_GLOO=ON, USE_MKL=ON, USE_MKLDNN=ON, USE_MPI=OFF, USE_NCCL=ON, USE_NNPACK=ON, USE_OPENMP=ON, USE_ROCM=OFF, USE_ROCM_KERNEL_ASSERT=OFF, 

    TorchVision: 0.20.0
    OpenCV: 4.13.0
    MMEngine: 0.10.7

Runtime environment:
    cudnn_benchmark: False
    mp_cfg: {'mp_start_method': 'fork', 'opencv_num_threads': 0}
    dist_cfg: {'backend': 'nccl'}
    seed: 1915794257
    Distributed launcher: none
    Distributed training: False
    GPU number: 1
------------------------------------------------------------

04/22 22:44:45 - mmengine - INFO - Config:
auto_scale_lr = dict(base_batch_size=32, enable=False)
backend_args = None
class_names = [
    'car',
    'truck',
    'construction_vehicle',
    'bus',
    'trailer',
    'barrier',
    'motorcycle',
    'bicycle',
    'pedestrian',
    'traffic_cone',
]
custom_imports = dict(
    allow_failed_imports=False, imports=[
        'projects.BEVFusion.bevfusion',
    ])
data_prefix = dict(
    CAM_BACK='samples/CAM_BACK',
    CAM_BACK_LEFT='samples/CAM_BACK_LEFT',
    CAM_BACK_RIGHT='samples/CAM_BACK_RIGHT',
    CAM_FRONT='samples/CAM_FRONT',
    CAM_FRONT_LEFT='samples/CAM_FRONT_LEFT',
    CAM_FRONT_RIGHT='samples/CAM_FRONT_RIGHT',
    pts='samples/LIDAR_TOP',
    sweeps='sweeps/LIDAR_TOP')
data_root = 'data/nuscenes/'
dataset_type = 'NuScenesDataset'
db_sampler = dict(
    classes=[
        'car',
        'truck',
        'construction_vehicle',
        'bus',
        'trailer',
        'barrier',
        'motorcycle',
        'bicycle',
        'pedestrian',
        'traffic_cone',
    ],
    data_root='data/nuscenes/',
    info_path='data/nuscenes/nuscenes_dbinfos_train.pkl',
    points_loader=dict(
        backend_args=None,
        coord_type='LIDAR',
        load_dim=5,
        type='LoadPointsFromFile',
        use_dim=[
            0,
            1,
            2,
            3,
            4,
        ]),
    prepare=dict(
        filter_by_difficulty=[
            -1,
        ],
        filter_by_min_points=dict(
            barrier=5,
            bicycle=5,
            bus=5,
            car=5,
            construction_vehicle=5,
            motorcycle=5,
            pedestrian=5,
            traffic_cone=5,
            trailer=5,
            truck=5)),
    rate=1.0,
    sample_groups=dict(
        barrier=2,
        bicycle=6,
        bus=4,
        car=2,
        construction_vehicle=7,
        motorcycle=6,
        pedestrian=2,
        traffic_cone=2,
        trailer=6,
        truck=3))
default_hooks = dict(
    checkpoint=dict(
        interval=1, max_keep_ckpts=3, save_last=True, type='CheckpointHook'),
    logger=dict(interval=50, type='LoggerHook'),
    param_scheduler=dict(type='ParamSchedulerHook'),
    sampler_seed=dict(type='DistSamplerSeedHook'),
    timer=dict(type='IterTimerHook'),
    visualization=dict(type='Det3DVisualizationHook'))
default_scope = 'mmdet3d'
env_cfg = dict(
    cudnn_benchmark=False,
    dist_cfg=dict(backend='nccl'),
    mp_cfg=dict(mp_start_method='fork', opencv_num_threads=0))
input_modality = dict(use_camera=True, use_lidar=True)
launcher = 'none'
load_from = None
log_level = 'INFO'
log_processor = dict(by_epoch=True, type='LogProcessor', window_size=50)
lr = 0.0001
metainfo = dict(classes=[
    'car',
    'truck',
    'construction_vehicle',
    'bus',
    'trailer',
    'barrier',
    'motorcycle',
    'bicycle',
    'pedestrian',
    'traffic_cone',
])
model = dict(
    bbox_head=dict(
        auxiliary=True,
        bbox_coder=dict(
            code_size=10,
            out_size_factor=8,
            pc_range=[
                -54.0,
                -54.0,
            ],
            post_center_range=[
                -61.2,
                -61.2,
                -10.0,
                61.2,
                61.2,
                10.0,
            ],
            score_threshold=0.0,
            type='TransFusionBBoxCoder',
            voxel_size=[
                0.075,
                0.075,
            ]),
        bn_momentum=0.1,
        common_heads=dict(
            center=[
                2,
                2,
            ],
            dim=[
                3,
                2,
            ],
            height=[
                1,
                2,
            ],
            rot=[
                2,
                2,
            ],
            vel=[
                2,
                2,
            ]),
        decoder_layer=dict(
            cross_attn_cfg=dict(dropout=0.1, embed_dims=128, num_heads=8),
            ffn_cfg=dict(
                act_cfg=dict(inplace=True, type='ReLU'),
                embed_dims=128,
                feedforward_channels=256,
                ffn_drop=0.1,
                num_fcs=2),
            norm_cfg=dict(type='LN'),
            pos_encoding_cfg=dict(input_channel=2, num_pos_feats=128),
            self_attn_cfg=dict(dropout=0.1, embed_dims=128, num_heads=8),
            type='TransformerDecoderLayer'),
        hidden_channel=128,
        in_channels=512,
        loss_bbox=dict(
            loss_weight=0.25, reduction='mean', type='mmdet.L1Loss'),
        loss_cls=dict(
            alpha=0.25,
            gamma=2.0,
            loss_weight=1.0,
            reduction='mean',
            type='mmdet.FocalLoss',
            use_sigmoid=True),
        loss_heatmap=dict(
            loss_weight=1.0, reduction='mean', type='mmdet.GaussianFocalLoss'),
        nms_kernel_size=3,
        num_classes=10,
        num_decoder_layers=1,
        num_proposals=200,
        test_cfg=dict(
            dataset='nuScenes',
            grid_size=[
                1440,
                1440,
                41,
            ],
            nms_type=None,
            out_size_factor=8,
            pc_range=[
                -54.0,
                -54.0,
            ],
            voxel_size=[
                0.075,
                0.075,
            ]),
        train_cfg=dict(
            assigner=dict(
                cls_cost=dict(
                    alpha=0.25,
                    gamma=2.0,
                    type='mmdet.FocalLossCost',
                    weight=0.15),
                iou_calculator=dict(coordinate='lidar', type='BboxOverlaps3D'),
                iou_cost=dict(type='IoU3DCost', weight=0.25),
                reg_cost=dict(type='BBoxBEVL1Cost', weight=0.25),
                type='HungarianAssigner3D'),
            code_weights=[
                1.0,
                1.0,
                1.0,
                1.0,
                1.0,
                1.0,
                1.0,
                1.0,
                0.2,
                0.2,
            ],
            dataset='nuScenes',
            gaussian_overlap=0.1,
            grid_size=[
                1440,
                1440,
                41,
            ],
            min_radius=2,
            out_size_factor=8,
            point_cloud_range=[
                -54.0,
                -54.0,
                -5.0,
                54.0,
                54.0,
                3.0,
            ],
            pos_weight=-1,
            voxel_size=[
                0.075,
                0.075,
                0.2,
            ]),
        type='TransFusionHead'),
    data_preprocessor=dict(
        bgr_to_rgb=False,
        mean=[
            123.675,
            116.28,
            103.53,
        ],
        pad_size_divisor=32,
        std=[
            58.395,
            57.12,
            57.375,
        ],
        type='Det3DDataPreprocessor',
        voxelize_cfg=dict(
            max_num_points=10,
            max_voxels=[
                120000,
                160000,
            ],
            point_cloud_range=[
                -54.0,
                -54.0,
                -5.0,
                54.0,
                54.0,
                3.0,
            ],
            voxel_size=[
                0.075,
                0.075,
                0.2,
            ],
            voxelize_reduce=True)),
    fusion_layer=dict(
        in_channels=[
            80,
            256,
        ], out_channels=256, type='ConvFuser'),
    img_backbone=dict(
        attn_drop_rate=0.0,
        convert_weights=True,
        depths=[
            2,
            2,
            6,
            2,
        ],
        drop_path_rate=0.2,
        drop_rate=0.0,
        embed_dims=96,
        init_cfg=dict(
            checkpoint=
            'https://github.com/SwinTransformer/storage/releases/download/v1.0.0/swin_tiny_patch4_window7_224.pth',
            type='Pretrained'),
        mlp_ratio=4,
        num_heads=[
            3,
            6,
            12,
            24,
        ],
        out_indices=[
            1,
            2,
            3,
        ],
        patch_norm=True,
        qk_scale=None,
        qkv_bias=True,
        type='mmdet.SwinTransformer',
        window_size=7,
        with_cp=False),
    img_neck=dict(
        act_cfg=dict(inplace=True, type='ReLU'),
        in_channels=[
            192,
            384,
            768,
        ],
        norm_cfg=dict(requires_grad=True, type='BN2d'),
        num_outs=3,
        out_channels=256,
        start_level=0,
        type='GeneralizedLSSFPN',
        upsample_cfg=dict(align_corners=False, mode='bilinear')),
    pts_backbone=dict(
        conv_cfg=dict(bias=False, type='Conv2d'),
        in_channels=256,
        layer_nums=[
            5,
            5,
        ],
        layer_strides=[
            1,
            2,
        ],
        norm_cfg=dict(eps=0.001, momentum=0.01, type='BN'),
        out_channels=[
            128,
            256,
        ],
        type='SECOND'),
    pts_middle_encoder=dict(
        block_type='basicblock',
        encoder_channels=(
            (
                16,
                16,
                32,
            ),
            (
                32,
                32,
                64,
            ),
            (
                64,
                64,
                128,
            ),
            (
                128,
                128,
            ),
        ),
        encoder_paddings=(
            (
                0,
                0,
                1,
            ),
            (
                0,
                0,
                1,
            ),
            (
                0,
                0,
                (
                    1,
                    1,
                    0,
                ),
            ),
            (
                0,
                0,
            ),
        ),
        in_channels=5,
        norm_cfg=dict(eps=0.001, momentum=0.01, type='BN1d'),
        order=(
            'conv',
            'norm',
            'act',
        ),
        sparse_shape=[
            1440,
            1440,
            41,
        ],
        type='BEVFusionSparseEncoder'),
    pts_neck=dict(
        in_channels=[
            128,
            256,
        ],
        norm_cfg=dict(eps=0.001, momentum=0.01, type='BN'),
        out_channels=[
            256,
            256,
        ],
        type='SECONDFPN',
        upsample_cfg=dict(bias=False, type='deconv'),
        upsample_strides=[
            1,
            2,
        ],
        use_conv_for_no_stride=True),
    pts_voxel_encoder=dict(num_features=5, type='HardSimpleVFE'),
    type='BEVFusion',
    view_transform=dict(
        dbound=[
            1.0,
            60.0,
            0.5,
        ],
        downsample=2,
        feature_size=[
            32,
            88,
        ],
        image_size=[
            256,
            704,
        ],
        in_channels=256,
        out_channels=80,
        type='DepthLSSTransform',
        xbound=[
            -54.0,
            54.0,
            0.3,
        ],
        ybound=[
            -54.0,
            54.0,
            0.3,
        ],
        zbound=[
            -10.0,
            10.0,
            20.0,
        ]))
optim_wrapper = dict(
    clip_grad=dict(max_norm=35, norm_type=2),
    optimizer=dict(lr=0.0002, type='AdamW', weight_decay=0.01),
    type='OptimWrapper')
param_scheduler = [
    dict(
        begin=0,
        by_epoch=False,
        end=500,
        start_factor=0.33333333,
        type='LinearLR'),
    dict(
        T_max=5,
        begin=0,
        by_epoch=True,
        convert_to_iter_based=True,
        end=5,
        eta_min_ratio=0.0001,
        type='CosineAnnealingLR'),
    dict(
        begin=0,
        by_epoch=True,
        convert_to_iter_based=True,
        end=2.0,
        eta_min=0.8947368421052632,
        type='CosineAnnealingMomentum'),
    dict(
        begin=2.0,
        by_epoch=True,
        convert_to_iter_based=True,
        end=5,
        eta_min=1,
        type='CosineAnnealingMomentum'),
]
point_cloud_range = [
    -54.0,
    -54.0,
    -5.0,
    54.0,
    54.0,
    3.0,
]
resume = False
test_cfg = dict()
test_dataloader = dict(
    batch_size=1,
    dataset=dict(
        ann_file='nuscenes_infos_val.pkl',
        backend_args=None,
        box_type_3d='LiDAR',
        data_prefix=dict(
            CAM_BACK='samples/CAM_BACK',
            CAM_BACK_LEFT='samples/CAM_BACK_LEFT',
            CAM_BACK_RIGHT='samples/CAM_BACK_RIGHT',
            CAM_FRONT='samples/CAM_FRONT',
            CAM_FRONT_LEFT='samples/CAM_FRONT_LEFT',
            CAM_FRONT_RIGHT='samples/CAM_FRONT_RIGHT',
            pts='samples/LIDAR_TOP',
            sweeps='sweeps/LIDAR_TOP'),
        data_root='data/nuscenes/',
        metainfo=dict(classes=[
            'car',
            'truck',
            'construction_vehicle',
            'bus',
            'trailer',
            'barrier',
            'motorcycle',
            'bicycle',
            'pedestrian',
            'traffic_cone',
        ]),
        modality=dict(use_camera=True, use_lidar=True),
        pipeline=[
            dict(
                backend_args=None,
                color_type='color',
                to_float32=True,
                type='BEVLoadMultiViewImageFromFiles'),
            dict(
                backend_args=None,
                coord_type='LIDAR',
                load_dim=5,
                type='LoadPointsFromFile',
                use_dim=5),
            dict(
                backend_args=None,
                load_dim=5,
                pad_empty_sweeps=True,
                remove_close=True,
                sweeps_num=9,
                type='LoadPointsFromMultiSweeps',
                use_dim=5),
            dict(
                bot_pct_lim=[
                    0.0,
                    0.0,
                ],
                final_dim=[
                    256,
                    704,
                ],
                is_train=False,
                rand_flip=False,
                resize_lim=[
                    0.48,
                    0.48,
                ],
                rot_lim=[
                    0.0,
                    0.0,
                ],
                type='ImageAug3D'),
            dict(
                point_cloud_range=[
                    -54.0,
                    -54.0,
                    -5.0,
                    54.0,
                    54.0,
                    3.0,
                ],
                type='PointsRangeFilter'),
            dict(
                keys=[
                    'img',
                    'points',
                    'gt_bboxes_3d',
                    'gt_labels_3d',
                ],
                meta_keys=[
                    'cam2img',
                    'ori_cam2img',
                    'lidar2cam',
                    'lidar2img',
                    'cam2lidar',
                    'ori_lidar2img',
                    'img_aug_matrix',
                    'box_type_3d',
                    'sample_idx',
                    'lidar_path',
                    'img_path',
                    'num_pts_feats',
                ],
                type='Pack3DDetInputs'),
        ],
        test_mode=True,
        type='NuScenesDataset'),
    drop_last=False,
    num_workers=8,
    persistent_workers=True,
    sampler=dict(shuffle=False, type='DefaultSampler'))
test_evaluator = dict(
    ann_file='data/nuscenes/nuscenes_infos_val.pkl',
    backend_args=None,
    data_root='data/nuscenes/',
    metric='bbox',
    type='NuScenesMetric')
test_pipeline = [
    dict(
        backend_args=None,
        color_type='color',
        to_float32=True,
        type='BEVLoadMultiViewImageFromFiles'),
    dict(
        backend_args=None,
        coord_type='LIDAR',
        load_dim=5,
        type='LoadPointsFromFile',
        use_dim=5),
    dict(
        backend_args=None,
        load_dim=5,
        pad_empty_sweeps=True,
        remove_close=True,
        sweeps_num=9,
        type='LoadPointsFromMultiSweeps',
        use_dim=5),
    dict(
        bot_pct_lim=[
            0.0,
            0.0,
        ],
        final_dim=[
            256,
            704,
        ],
        is_train=False,
        rand_flip=False,
        resize_lim=[
            0.48,
            0.48,
        ],
        rot_lim=[
            0.0,
            0.0,
        ],
        type='ImageAug3D'),
    dict(
        point_cloud_range=[
            -54.0,
            -54.0,
            -5.0,
            54.0,
            54.0,
            3.0,
        ],
        type='PointsRangeFilter'),
    dict(
        keys=[
            'img',
            'points',
            'gt_bboxes_3d',
            'gt_labels_3d',
        ],
        meta_keys=[
            'cam2img',
            'ori_cam2img',
            'lidar2cam',
            'lidar2img',
            'cam2lidar',
            'ori_lidar2img',
            'img_aug_matrix',
            'box_type_3d',
            'sample_idx',
            'lidar_path',
            'img_path',
            'num_pts_feats',
        ],
        type='Pack3DDetInputs'),
]
train_cfg = dict(by_epoch=True, max_epochs=5, val_interval=1)
train_dataloader = dict(
    batch_size=2,
    dataset=dict(
        dataset=dict(
            ann_file='subsets/nuscenes_infos_train_20pct.pkl',
            box_type_3d='LiDAR',
            data_prefix=dict(
                CAM_BACK='samples/CAM_BACK',
                CAM_BACK_LEFT='samples/CAM_BACK_LEFT',
                CAM_BACK_RIGHT='samples/CAM_BACK_RIGHT',
                CAM_FRONT='samples/CAM_FRONT',
                CAM_FRONT_LEFT='samples/CAM_FRONT_LEFT',
                CAM_FRONT_RIGHT='samples/CAM_FRONT_RIGHT',
                pts='samples/LIDAR_TOP',
                sweeps='sweeps/LIDAR_TOP'),
            data_root='data/nuscenes/',
            metainfo=dict(classes=[
                'car',
                'truck',
                'construction_vehicle',
                'bus',
                'trailer',
                'barrier',
                'motorcycle',
                'bicycle',
                'pedestrian',
                'traffic_cone',
            ]),
            modality=dict(use_camera=True, use_lidar=True),
            pipeline=[
                dict(
                    backend_args=None,
                    color_type='color',
                    to_float32=True,
                    type='BEVLoadMultiViewImageFromFiles'),
                dict(
                    backend_args=None,
                    coord_type='LIDAR',
                    load_dim=5,
                    type='LoadPointsFromFile',
                    use_dim=5),
                dict(
                    backend_args=None,
                    load_dim=5,
                    pad_empty_sweeps=True,
                    remove_close=True,
                    sweeps_num=9,
                    type='LoadPointsFromMultiSweeps',
                    use_dim=5),
                dict(
                    type='LoadAnnotations3D',
                    with_attr_label=False,
                    with_bbox_3d=True,
                    with_label_3d=True),
                dict(
                    bot_pct_lim=[
                        0.0,
                        0.0,
                    ],
                    final_dim=[
                        256,
                        704,
                    ],
                    is_train=True,
                    rand_flip=True,
                    resize_lim=[
                        0.38,
                        0.55,
                    ],
                    rot_lim=[
                        -5.4,
                        5.4,
                    ],
                    type='ImageAug3D'),
                dict(
                    rot_range=[
                        -0.78539816,
                        0.78539816,
                    ],
                    scale_ratio_range=[
                        0.9,
                        1.1,
                    ],
                    translation_std=0.5,
                    type='BEVFusionGlobalRotScaleTrans'),
                dict(type='BEVFusionRandomFlip3D'),
                dict(
                    point_cloud_range=[
                        -54.0,
                        -54.0,
                        -5.0,
                        54.0,
                        54.0,
                        3.0,
                    ],
                    type='PointsRangeFilter'),
                dict(
                    point_cloud_range=[
                        -54.0,
                        -54.0,
                        -5.0,
                        54.0,
                        54.0,
                        3.0,
                    ],
                    type='ObjectRangeFilter'),
                dict(
                    classes=[
                        'car',
                        'truck',
                        'construction_vehicle',
                        'bus',
                        'trailer',
                        'barrier',
                        'motorcycle',
                        'bicycle',
                        'pedestrian',
                        'traffic_cone',
                    ],
                    type='ObjectNameFilter'),
                dict(
                    fixed_prob=True,
                    max_epoch=6,
                    mode=1,
                    offset=False,
                    prob=0.0,
                    ratio=0.5,
                    rotate=1,
                    type='GridMask',
                    use_h=True,
                    use_w=True),
                dict(type='PointShuffle'),
                dict(
                    keys=[
                        'points',
                        'img',
                        'gt_bboxes_3d',
                        'gt_labels_3d',
                        'gt_bboxes',
                        'gt_labels',
                    ],
                    meta_keys=[
                        'cam2img',
                        'ori_cam2img',
                        'lidar2cam',
                        'lidar2img',
                        'cam2lidar',
                        'ori_lidar2img',
                        'img_aug_matrix',
                        'box_type_3d',
                        'sample_idx',
                        'lidar_path',
                        'img_path',
                        'transformation_3d_flow',
                        'pcd_rotation',
                        'pcd_scale_factor',
                        'pcd_trans',
                        'img_aug_matrix',
                        'lidar_aug_matrix',
                        'num_pts_feats',
                    ],
                    type='Pack3DDetInputs'),
            ],
            test_mode=False,
            type='NuScenesDataset',
            use_valid_flag=True),
        type='CBGSDataset'),
    num_workers=8,
    persistent_workers=True,
    sampler=dict(shuffle=True, type='DefaultSampler'))
train_pipeline = [
    dict(
        backend_args=None,
        color_type='color',
        to_float32=True,
        type='BEVLoadMultiViewImageFromFiles'),
    dict(
        backend_args=None,
        coord_type='LIDAR',
        load_dim=5,
        type='LoadPointsFromFile',
        use_dim=5),
    dict(
        backend_args=None,
        load_dim=5,
        pad_empty_sweeps=True,
        remove_close=True,
        sweeps_num=9,
        type='LoadPointsFromMultiSweeps',
        use_dim=5),
    dict(
        type='LoadAnnotations3D',
        with_attr_label=False,
        with_bbox_3d=True,
        with_label_3d=True),
    dict(
        bot_pct_lim=[
            0.0,
            0.0,
        ],
        final_dim=[
            256,
            704,
        ],
        is_train=True,
        rand_flip=True,
        resize_lim=[
            0.38,
            0.55,
        ],
        rot_lim=[
            -5.4,
            5.4,
        ],
        type='ImageAug3D'),
    dict(
        rot_range=[
            -0.78539816,
            0.78539816,
        ],
        scale_ratio_range=[
            0.9,
            1.1,
        ],
        translation_std=0.5,
        type='BEVFusionGlobalRotScaleTrans'),
    dict(type='BEVFusionRandomFlip3D'),
    dict(
        point_cloud_range=[
            -54.0,
            -54.0,
            -5.0,
            54.0,
            54.0,
            3.0,
        ],
        type='PointsRangeFilter'),
    dict(
        point_cloud_range=[
            -54.0,
            -54.0,
            -5.0,
            54.0,
            54.0,
            3.0,
        ],
        type='ObjectRangeFilter'),
    dict(
        classes=[
            'car',
            'truck',
            'construction_vehicle',
            'bus',
            'trailer',
            'barrier',
            'motorcycle',
            'bicycle',
            'pedestrian',
            'traffic_cone',
        ],
        type='ObjectNameFilter'),
    dict(
        fixed_prob=True,
        max_epoch=6,
        mode=1,
        offset=False,
        prob=0.0,
        ratio=0.5,
        rotate=1,
        type='GridMask',
        use_h=True,
        use_w=True),
    dict(type='PointShuffle'),
    dict(
        keys=[
            'points',
            'img',
            'gt_bboxes_3d',
            'gt_labels_3d',
            'gt_bboxes',
            'gt_labels',
        ],
        meta_keys=[
            'cam2img',
            'ori_cam2img',
            'lidar2cam',
            'lidar2img',
            'cam2lidar',
            'ori_lidar2img',
            'img_aug_matrix',
            'box_type_3d',
            'sample_idx',
            'lidar_path',
            'img_path',
            'transformation_3d_flow',
            'pcd_rotation',
            'pcd_scale_factor',
            'pcd_trans',
            'img_aug_matrix',
            'lidar_aug_matrix',
            'num_pts_feats',
        ],
        type='Pack3DDetInputs'),
]
val_cfg = dict()
val_dataloader = dict(
    batch_size=1,
    dataset=dict(
        ann_file='nuscenes_infos_val.pkl',
        backend_args=None,
        box_type_3d='LiDAR',
        data_prefix=dict(
            CAM_BACK='samples/CAM_BACK',
            CAM_BACK_LEFT='samples/CAM_BACK_LEFT',
            CAM_BACK_RIGHT='samples/CAM_BACK_RIGHT',
            CAM_FRONT='samples/CAM_FRONT',
            CAM_FRONT_LEFT='samples/CAM_FRONT_LEFT',
            CAM_FRONT_RIGHT='samples/CAM_FRONT_RIGHT',
            pts='samples/LIDAR_TOP',
            sweeps='sweeps/LIDAR_TOP'),
        data_root='data/nuscenes/',
        metainfo=dict(classes=[
            'car',
            'truck',
            'construction_vehicle',
            'bus',
            'trailer',
            'barrier',
            'motorcycle',
            'bicycle',
            'pedestrian',
            'traffic_cone',
        ]),
        modality=dict(use_camera=True, use_lidar=True),
        pipeline=[
            dict(
                backend_args=None,
                color_type='color',
                to_float32=True,
                type='BEVLoadMultiViewImageFromFiles'),
            dict(
                backend_args=None,
                coord_type='LIDAR',
                load_dim=5,
                type='LoadPointsFromFile',
                use_dim=5),
            dict(
                backend_args=None,
                load_dim=5,
                pad_empty_sweeps=True,
                remove_close=True,
                sweeps_num=9,
                type='LoadPointsFromMultiSweeps',
                use_dim=5),
            dict(
                bot_pct_lim=[
                    0.0,
                    0.0,
                ],
                final_dim=[
                    256,
                    704,
                ],
                is_train=False,
                rand_flip=False,
                resize_lim=[
                    0.48,
                    0.48,
                ],
                rot_lim=[
                    0.0,
                    0.0,
                ],
                type='ImageAug3D'),
            dict(
                point_cloud_range=[
                    -54.0,
                    -54.0,
                    -5.0,
                    54.0,
                    54.0,
                    3.0,
                ],
                type='PointsRangeFilter'),
            dict(
                keys=[
                    'img',
                    'points',
                    'gt_bboxes_3d',
                    'gt_labels_3d',
                ],
                meta_keys=[
                    'cam2img',
                    'ori_cam2img',
                    'lidar2cam',
                    'lidar2img',
                    'cam2lidar',
                    'ori_lidar2img',
                    'img_aug_matrix',
                    'box_type_3d',
                    'sample_idx',
                    'lidar_path',
                    'img_path',
                    'num_pts_feats',
                ],
                type='Pack3DDetInputs'),
        ],
        test_mode=True,
        type='NuScenesDataset'),
    drop_last=False,
    num_workers=8,
    persistent_workers=True,
    sampler=dict(shuffle=False, type='DefaultSampler'))
val_evaluator = dict(
    ann_file='data/nuscenes/nuscenes_infos_val.pkl',
    backend_args=None,
    data_root='data/nuscenes/',
    metric='bbox',
    type='NuScenesMetric')
vis_backends = [
    dict(type='LocalVisBackend'),
]
visualizer = dict(
    name='visualizer',
    type='Det3DLocalVisualizer',
    vis_backends=[
        dict(type='LocalVisBackend'),
    ])
voxel_size = [
    0.075,
    0.075,
    0.2,
]
work_dir = './work_dirs/bevfusion_nuscenes_20pct'

04/22 22:44:48 - mmengine - INFO - Loads checkpoint by http backend from path: https://github.com/SwinTransformer/storage/releases/download/v1.0.0/swin_tiny_patch4_window7_224.pth
04/22 22:44:49 - mmengine - INFO - Distributed training is not used, all SyncBatchNorm (SyncBN) layers in the model will be automatically reverted to BatchNormXd layers if they are used.
04/22 22:44:49 - mmengine - INFO - Hooks will be executed in the following order:
before_run:
(VERY_HIGH   ) RuntimeInfoHook                    
(BELOW_NORMAL) LoggerHook                         
 -------------------- 
before_train:
(VERY_HIGH   ) RuntimeInfoHook                    
(NORMAL      ) IterTimerHook                      
(VERY_LOW    ) CheckpointHook                     
 -------------------- 
before_train_epoch:
(VERY_HIGH   ) RuntimeInfoHook                    
(NORMAL      ) IterTimerHook                      
(NORMAL      ) DistSamplerSeedHook                
 -------------------- 
before_train_iter:
(VERY_HIGH   ) RuntimeInfoHook                    
(NORMAL      ) IterTimerHook                      
 -------------------- 
after_train_iter:
(VERY_HIGH   ) RuntimeInfoHook                    
(NORMAL      ) IterTimerHook                      
(BELOW_NORMAL) LoggerHook                         
(LOW         ) ParamSchedulerHook                 
(VERY_LOW    ) CheckpointHook                     
 -------------------- 
after_train_epoch:
(NORMAL      ) IterTimerHook                      
(LOW         ) ParamSchedulerHook                 
(VERY_LOW    ) CheckpointHook                     
 -------------------- 
before_val:
(VERY_HIGH   ) RuntimeInfoHook                    
 -------------------- 
before_val_epoch:
(NORMAL      ) IterTimerHook                      
 -------------------- 
before_val_iter:
(NORMAL      ) IterTimerHook                      
 -------------------- 
after_val_iter:
(NORMAL      ) IterTimerHook                      
(NORMAL      ) Det3DVisualizationHook             
(BELOW_NORMAL) LoggerHook                         
 -------------------- 
after_val_epoch:
(VERY_HIGH   ) RuntimeInfoHook                    
(NORMAL      ) IterTimerHook                      
(BELOW_NORMAL) LoggerHook                         
(LOW         ) ParamSchedulerHook                 
(VERY_LOW    ) CheckpointHook                     
 -------------------- 
after_val:
(VERY_HIGH   ) RuntimeInfoHook                    
 -------------------- 
after_train:
(VERY_HIGH   ) RuntimeInfoHook                    
(VERY_LOW    ) CheckpointHook                     
 -------------------- 
before_test:
(VERY_HIGH   ) RuntimeInfoHook                    
 -------------------- 
before_test_epoch:
(NORMAL      ) IterTimerHook                      
 -------------------- 
before_test_iter:
(NORMAL      ) IterTimerHook                      
 -------------------- 
after_test_iter:
(NORMAL      ) IterTimerHook                      
(NORMAL      ) Det3DVisualizationHook             
(BELOW_NORMAL) LoggerHook                         
 -------------------- 
after_test_epoch:
(VERY_HIGH   ) RuntimeInfoHook                    
(NORMAL      ) IterTimerHook                      
(BELOW_NORMAL) LoggerHook                         
 -------------------- 
after_test:
(VERY_HIGH   ) RuntimeInfoHook                    
 -------------------- 
after_run:
(BELOW_NORMAL) LoggerHook                         
 -------------------- 
04/22 22:45:00 - mmengine - INFO - ------------------------------
04/22 22:45:00 - mmengine - INFO - The length of training dataset: 5552
04/22 22:45:00 - mmengine - INFO - The number of instances per category in the dataset:
+----------------------+--------+
| category             | number |
+----------------------+--------+
| car                  | 68379  |
| truck                | 13269  |
| construction_vehicle | 2782   |
| bus                  | 1836   |
| trailer              | 4282   |
| barrier              | 22761  |
| motorcycle           | 2634   |
| bicycle              | 2277   |
| pedestrian           | 35532  |
| traffic_cone         | 12644  |
+----------------------+--------+
04/22 22:45:16 - mmengine - INFO - ------------------------------
04/22 22:45:16 - mmengine - INFO - The length of test dataset: 6019
04/22 22:45:16 - mmengine - INFO - The number of instances per category in the dataset:
+----------------------+--------+
| category             | number |
+----------------------+--------+
| car                  | 80004  |
| truck                | 15704  |
| construction_vehicle | 2678   |
| bus                  | 3158   |
| trailer              | 4159   |
| barrier              | 26992  |
| motorcycle           | 2508   |
| bicycle              | 2381   |
| pedestrian           | 34347  |
| traffic_cone         | 15597  |
+----------------------+--------+
04/22 22:45:18 - mmengine - INFO - Loads checkpoint by http backend from path: https://github.com/SwinTransformer/storage/releases/download/v1.0.0/swin_tiny_patch4_window7_224.pth
04/22 22:45:18 - mmengine - WARNING - "FileClient" will be deprecated in future. Please use io functions in https://mmengine.readthedocs.io/en/latest/api/fileio.html#file-io
04/22 22:45:18 - mmengine - WARNING - "HardDiskBackend" is the alias of "LocalBackend" and the former will be deprecated in future.
04/22 22:45:18 - mmengine - INFO - Checkpoints will be saved to /storage/homefs/ae04q066/projects/nuscenes-multimodal-learning/external/mmdetection3d/work_dirs/bevfusion_nuscenes_20pct.
04/22 22:46:01 - mmengine - INFO - Epoch(train) [1][   50/11900]  lr: 7.9759e-05  eta: 14:21:18  time: 0.8693  data_time: 0.0842  memory: 11145  grad_norm: 4832.2988  loss: 694.4438  loss_heatmap: 666.2151  layer_-1_loss_cls: 14.6010  layer_-1_loss_bbox: 13.6277  matched_ious: 0.0000
04/22 22:46:39 - mmengine - INFO - Epoch(train) [1][  100/11900]  lr: 9.3119e-05  eta: 13:26:12  time: 0.7594  data_time: 0.0098  memory: 11356  grad_norm: 85.5781  loss: 27.1700  loss_heatmap: 7.1663  layer_-1_loss_cls: 8.9027  layer_-1_loss_bbox: 11.1010  matched_ious: 0.0212
04/22 22:47:17 - mmengine - INFO - Epoch(train) [1][  150/11900]  lr: 1.0648e-04  eta: 13:09:58  time: 0.7672  data_time: 0.0126  memory: 11244  grad_norm: 66.6182  loss: 17.5030  loss_heatmap: 3.1971  layer_-1_loss_cls: 5.8488  layer_-1_loss_bbox: 8.4571  matched_ious: 0.0424
04/22 22:47:56 - mmengine - INFO - Epoch(train) [1][  200/11900]  lr: 1.1984e-04  eta: 13:01:10  time: 0.7657  data_time: 0.0094  memory: 11269  grad_norm: 39.9446  loss: 13.6928  loss_heatmap: 3.1380  layer_-1_loss_cls: 4.4510  layer_-1_loss_bbox: 6.1038  matched_ious: 0.0196
04/22 22:48:34 - mmengine - INFO - Epoch(train) [1][  250/11900]  lr: 1.3319e-04  eta: 12:57:06  time: 0.7731  data_time: 0.0106  memory: 11509  grad_norm: 37.9988  loss: 11.4319  loss_heatmap: 3.0131  layer_-1_loss_cls: 3.9645  layer_-1_loss_bbox: 4.4544  matched_ious: 0.0428
04/22 22:49:13 - mmengine - INFO - Epoch(train) [1][  300/11900]  lr: 1.4655e-04  eta: 12:52:41  time: 0.7640  data_time: 0.0101  memory: 11139  grad_norm: 29.0675  loss: 9.9144  loss_heatmap: 2.8725  layer_-1_loss_cls: 2.2618  layer_-1_loss_bbox: 4.7801  matched_ious: 0.0295
04/22 22:49:51 - mmengine - INFO - Epoch(train) [1][  350/11900]  lr: 1.5991e-04  eta: 12:49:33  time: 0.7656  data_time: 0.0116  memory: 11322  grad_norm: 19.1718  loss: 8.8545  loss_heatmap: 2.8790  layer_-1_loss_cls: 1.9077  layer_-1_loss_bbox: 4.0677  matched_ious: 0.0744
04/22 22:50:29 - mmengine - INFO - Epoch(train) [1][  400/11900]  lr: 1.7326e-04  eta: 12:47:40  time: 0.7706  data_time: 0.0080  memory: 11361  grad_norm: 16.8809  loss: 8.6837  loss_heatmap: 2.7521  layer_-1_loss_cls: 1.7052  layer_-1_loss_bbox: 4.2264  matched_ious: 0.0524
04/22 22:51:08 - mmengine - INFO - Epoch(train) [1][  450/11900]  lr: 1.8661e-04  eta: 12:45:01  time: 0.7611  data_time: 0.0083  memory: 11343  grad_norm: 13.4439  loss: 8.4696  loss_heatmap: 2.6991  layer_-1_loss_cls: 1.4588  layer_-1_loss_bbox: 4.3117  matched_ious: 0.0443
04/22 22:51:46 - mmengine - INFO - Epoch(train) [1][  500/11900]  lr: 1.9997e-04  eta: 12:43:35  time: 0.7693  data_time: 0.0087  memory: 11241  grad_norm: 11.0753  loss: 6.9136  loss_heatmap: 2.6219  layer_-1_loss_cls: 0.9469  layer_-1_loss_bbox: 3.3448  matched_ious: 0.0861
04/22 22:52:24 - mmengine - INFO - Epoch(train) [1][  550/11900]  lr: 1.9996e-04  eta: 12:42:04  time: 0.7668  data_time: 0.0084  memory: 11414  grad_norm: 9.7333  loss: 6.6837  loss_heatmap: 2.5504  layer_-1_loss_cls: 0.8318  layer_-1_loss_bbox: 3.3016  matched_ious: 0.0461
04/22 22:53:02 - mmengine - INFO - Epoch(train) [1][  600/11900]  lr: 1.9995e-04  eta: 12:40:10  time: 0.7602  data_time: 0.0082  memory: 11143  grad_norm: 9.3712  loss: 6.4950  loss_heatmap: 2.4097  layer_-1_loss_cls: 0.7384  layer_-1_loss_bbox: 3.3469  matched_ious: 0.0783
04/22 22:53:41 - mmengine - INFO - Epoch(train) [1][  650/11900]  lr: 1.9994e-04  eta: 12:38:53  time: 0.7661  data_time: 0.0086  memory: 11294  grad_norm: 9.8469  loss: 6.1600  loss_heatmap: 2.4748  layer_-1_loss_cls: 0.7103  layer_-1_loss_bbox: 2.9749  matched_ious: 0.0795
04/22 22:54:19 - mmengine - INFO - Epoch(train) [1][  700/11900]  lr: 1.9993e-04  eta: 12:37:55  time: 0.7689  data_time: 0.0101  memory: 11281  grad_norm: 10.2691  loss: 6.1899  loss_heatmap: 2.3844  layer_-1_loss_cls: 0.6274  layer_-1_loss_bbox: 3.1781  matched_ious: 0.0971
04/22 22:54:57 - mmengine - INFO - Epoch(train) [1][  750/11900]  lr: 1.9992e-04  eta: 12:36:48  time: 0.7662  data_time: 0.0086  memory: 11310  grad_norm: 9.9321  loss: 6.2319  loss_heatmap: 2.4562  layer_-1_loss_cls: 0.6541  layer_-1_loss_bbox: 3.1217  matched_ious: 0.1380
04/22 22:55:36 - mmengine - INFO - Epoch(train) [1][  800/11900]  lr: 1.9991e-04  eta: 12:35:47  time: 0.7669  data_time: 0.0084  memory: 11270  grad_norm: 9.3619  loss: 5.8755  loss_heatmap: 2.2762  layer_-1_loss_cls: 0.5655  layer_-1_loss_bbox: 3.0338  matched_ious: 0.1218
04/22 22:56:14 - mmengine - INFO - Epoch(train) [1][  850/11900]  lr: 1.9990e-04  eta: 12:35:01  time: 0.7703  data_time: 0.0092  memory: 11352  grad_norm: 10.3370  loss: 5.7075  loss_heatmap: 2.3576  layer_-1_loss_cls: 0.5216  layer_-1_loss_bbox: 2.8283  matched_ious: 0.1002
04/22 22:56:53 - mmengine - INFO - Epoch(train) [1][  900/11900]  lr: 1.9989e-04  eta: 12:34:23  time: 0.7727  data_time: 0.0081  memory: 11434  grad_norm: 9.8920  loss: 5.5244  loss_heatmap: 2.2825  layer_-1_loss_cls: 0.5172  layer_-1_loss_bbox: 2.7247  matched_ious: 0.0709
04/22 22:57:31 - mmengine - INFO - Epoch(train) [1][  950/11900]  lr: 1.9987e-04  eta: 12:33:31  time: 0.7681  data_time: 0.0110  memory: 11436  grad_norm: 8.8168  loss: 5.5804  loss_heatmap: 2.2573  layer_-1_loss_cls: 0.5265  layer_-1_loss_bbox: 2.7966  matched_ious: 0.0668
04/22 22:58:10 - mmengine - INFO - Exp name: bevfusion_nuscenes_20pct_20260422_224442
04/22 22:58:10 - mmengine - INFO - Epoch(train) [1][ 1000/11900]  lr: 1.9986e-04  eta: 12:32:40  time: 0.7679  data_time: 0.0093  memory: 11191  grad_norm: 9.5299  loss: 5.2962  loss_heatmap: 2.1884  layer_-1_loss_cls: 0.4990  layer_-1_loss_bbox: 2.6088  matched_ious: 0.1029
04/22 22:58:48 - mmengine - INFO - Epoch(train) [1][ 1050/11900]  lr: 1.9985e-04  eta: 12:31:32  time: 0.7614  data_time: 0.0089  memory: 11256  grad_norm: 9.7520  loss: 5.4498  loss_heatmap: 2.3060  layer_-1_loss_cls: 0.5053  layer_-1_loss_bbox: 2.6385  matched_ious: 0.0960
04/22 22:59:26 - mmengine - INFO - Epoch(train) [1][ 1100/11900]  lr: 1.9983e-04  eta: 12:30:34  time: 0.7643  data_time: 0.0088  memory: 11340  grad_norm: 9.6150  loss: 5.0637  loss_heatmap: 2.1870  layer_-1_loss_cls: 0.4711  layer_-1_loss_bbox: 2.4055  matched_ious: 0.1477
04/22 23:00:04 - mmengine - INFO - Epoch(train) [1][ 1150/11900]  lr: 1.9982e-04  eta: 12:29:45  time: 0.7668  data_time: 0.0085  memory: 11251  grad_norm: 9.6934  loss: 5.0671  loss_heatmap: 2.1255  layer_-1_loss_cls: 0.4643  layer_-1_loss_bbox: 2.4773  matched_ious: 0.0760
04/22 23:00:42 - mmengine - INFO - Epoch(train) [1][ 1200/11900]  lr: 1.9980e-04  eta: 12:28:43  time: 0.7613  data_time: 0.0090  memory: 11151  grad_norm: 9.5543  loss: 5.1798  loss_heatmap: 2.1911  layer_-1_loss_cls: 0.4532  layer_-1_loss_bbox: 2.5355  matched_ious: 0.0909
04/22 23:01:20 - mmengine - INFO - Epoch(train) [1][ 1250/11900]  lr: 1.9978e-04  eta: 12:27:40  time: 0.7601  data_time: 0.0094  memory: 11275  grad_norm: 10.0051  loss: 5.0931  loss_heatmap: 2.2095  layer_-1_loss_cls: 0.4572  layer_-1_loss_bbox: 2.4264  matched_ious: 0.1244
04/22 23:01:58 - mmengine - INFO - Epoch(train) [1][ 1300/11900]  lr: 1.9976e-04  eta: 12:26:28  time: 0.7553  data_time: 0.0088  memory: 11253  grad_norm: 9.7861  loss: 5.4008  loss_heatmap: 2.1903  layer_-1_loss_cls: 0.4535  layer_-1_loss_bbox: 2.7571  matched_ious: 0.1425
04/22 23:02:36 - mmengine - INFO - Epoch(train) [1][ 1350/11900]  lr: 1.9975e-04  eta: 12:25:42  time: 0.7661  data_time: 0.0089  memory: 11391  grad_norm: 9.7039  loss: 5.1219  loss_heatmap: 2.1358  layer_-1_loss_cls: 0.4324  layer_-1_loss_bbox: 2.5537  matched_ious: 0.0609
04/22 23:03:14 - mmengine - INFO - Epoch(train) [1][ 1400/11900]  lr: 1.9973e-04  eta: 12:24:46  time: 0.7606  data_time: 0.0083  memory: 11568  grad_norm: 9.4712  loss: 5.0789  loss_heatmap: 2.1685  layer_-1_loss_cls: 0.4473  layer_-1_loss_bbox: 2.4631  matched_ious: 0.0604
04/22 23:03:53 - mmengine - INFO - Epoch(train) [1][ 1450/11900]  lr: 1.9971e-04  eta: 12:23:58  time: 0.7648  data_time: 0.0072  memory: 11304  grad_norm: 9.1636  loss: 5.1021  loss_heatmap: 2.0685  layer_-1_loss_cls: 0.4403  layer_-1_loss_bbox: 2.5933  matched_ious: 0.1290
04/22 23:04:31 - mmengine - INFO - Epoch(train) [1][ 1500/11900]  lr: 1.9969e-04  eta: 12:23:01  time: 0.7591  data_time: 0.0072  memory: 11261  grad_norm: 8.9020  loss: 5.1756  loss_heatmap: 2.1034  layer_-1_loss_cls: 0.4335  layer_-1_loss_bbox: 2.6386  matched_ious: 0.1290
04/22 23:05:09 - mmengine - INFO - Epoch(train) [1][ 1550/11900]  lr: 1.9967e-04  eta: 12:22:10  time: 0.7622  data_time: 0.0089  memory: 11235  grad_norm: 10.4355  loss: 4.7928  loss_heatmap: 2.0324  layer_-1_loss_cls: 0.4294  layer_-1_loss_bbox: 2.3311  matched_ious: 0.1213
04/22 23:05:47 - mmengine - INFO - Epoch(train) [1][ 1600/11900]  lr: 1.9964e-04  eta: 12:21:14  time: 0.7587  data_time: 0.0080  memory: 11222  grad_norm: 8.7609  loss: 4.9440  loss_heatmap: 2.0589  layer_-1_loss_cls: 0.4085  layer_-1_loss_bbox: 2.4766  matched_ious: 0.0715
04/22 23:06:25 - mmengine - INFO - Epoch(train) [1][ 1650/11900]  lr: 1.9962e-04  eta: 12:20:25  time: 0.7620  data_time: 0.0080  memory: 11219  grad_norm: 10.0526  loss: 4.9395  loss_heatmap: 2.0880  layer_-1_loss_cls: 0.4436  layer_-1_loss_bbox: 2.4079  matched_ious: 0.1834
04/22 23:07:03 - mmengine - INFO - Epoch(train) [1][ 1700/11900]  lr: 1.9960e-04  eta: 12:19:30  time: 0.7582  data_time: 0.0078  memory: 11281  grad_norm: 10.3167  loss: 4.9021  loss_heatmap: 2.0954  layer_-1_loss_cls: 0.4171  layer_-1_loss_bbox: 2.3896  matched_ious: 0.1109
04/22 23:07:41 - mmengine - INFO - Epoch(train) [1][ 1750/11900]  lr: 1.9957e-04  eta: 12:18:43  time: 0.7626  data_time: 0.0074  memory: 11315  grad_norm: 8.2149  loss: 4.7142  loss_heatmap: 1.9155  layer_-1_loss_cls: 0.3776  layer_-1_loss_bbox: 2.4211  matched_ious: 0.1480
04/22 23:08:18 - mmengine - INFO - Epoch(train) [1][ 1800/11900]  lr: 1.9955e-04  eta: 12:17:35  time: 0.7485  data_time: 0.0079  memory: 11266  grad_norm: 9.2106  loss: 4.8979  loss_heatmap: 2.0584  layer_-1_loss_cls: 0.4176  layer_-1_loss_bbox: 2.4219  matched_ious: 0.1578
